<?xml version="1.0" encoding="UTF-8"?>
<testsuite xmlns:xsi="http://www.w3.org/2001/XMLSchema-instance" xsi:noNamespaceSchemaLocation="https://maven.apache.org/surefire/maven-surefire-plugin/xsd/surefire-test-report-3.0.xsd" version="3.0" name="com.codebydaud.training.lecture_02.book_api.BookApiTests" time="3.904" tests="13" errors="0" skipped="0" failures="0">
  <properties>
[...]
</properties>
  <testcase name="testGetBookByIdSuccess" classname="com.codebydaud.training.lecture_02.book_api.BookApiTests" time="0.386">
    <system-out><![CDATA[
  .   ____          _            __ _ _
 /\\ / ___'_ __ _ _(_)_ __  __ _ \ \ \ \
( ( )\___ | '_ | '_| | '_ \/ _` | \ \ \ \
 \\/  ___)| |_)| | | | | || (_| |  ) ) ) )
  '  |____| .__|_| |_|_| |_\__, | / / / /
 =========|_|==============|___/=/_/_/_/

 :: Spring Boot ::                (v3.3.1)


MockHttpServletRequest:
      HTTP Method = GET
      Request URI = /api/v1/books/1
       Parameters = {}
          Headers = []
             Body = null
    Session Attrs = {}

Handler:
             Type = com.codebydaud.training.lecture_02.book_api.book.BookController
           Method = com.codebydaud.training.lecture_02.book_api.book.BookController#getBookById(Long)

Async:
    Async started = false
     Async result = null

Resolved Exception:
             Type = null

ModelAndView:
        View name = null
             View = null
            Model = null

FlashMap:
       Attributes = null

MockHttpServletResponse:
           Status = 200
    Error message = null
          Headers = [Content-Type:"application/json"]
     Content type = application/json
             Body = {"bookId":1,"title":"The 48 Laws of Power","description":"Best Seller","author":"Robert Greene","publishedAt":"2000-01-01T12:00:00"}
    Forwarded URL = null
   Redirected URL = null
          Cookies = []
]]></system-out>
  </testcase>
  <testcase name="testGetBookListSuccess" classname="com.codebydaud.training.lecture_02.book_api.BookApiTests" time="0.148">
    <system-out><![CDATA[
MockHttpServletRequest:
      HTTP Method = GET
      Request URI = /api/v1/books
       Parameters = {}
          Headers = []
             Body = null
    Session Attrs = {}

Handler:
             Type = com.codebydaud.training.lecture_02.book_api.book.BookController
           Method = com.codebydaud.training.lecture_02.book_api.book.BookController#getAllBooks(Integer, Integer)

Async:
    Async started = false
     Async result = null

Resolved Exception:
             Type = null

ModelAndView:
        View name = null
             View = null
            Model = null

FlashMap:
       Attributes = null

MockHttpServletResponse:
           Status = 200
    Error message = null
          Headers = [Content-Type:"application/json"]
     Content type = application/json
             Body = [{"bookId":1,"title":"The 48 Laws of Power","description":"Best Seller","author":"Robert Greene","publishedAt":"2000-01-01T12:00:00"},{"bookId":2,"title":"The 50 Laws of Power","description":"Not Best Seller","author":"Robert White","publishedAt":"2001-01-01T12:00:00"}]
    Forwarded URL = null
   Redirected URL = null
          Cookies = []
]]></system-out>
  </testcase>
  <testcase name="testUpdateBookByAdminSuccess" classname="com.codebydaud.training.lecture_02.book_api.BookApiTests" time="0.206">
    <system-out><![CDATA[
MockHttpServletRequest:
      HTTP Method = PUT
      Request URI = /api/v1/books/1
       Parameters = {_csrf=[edc6ba80-2732-4513-9c96-969cfe6ccef4]}
          Headers = [Content-Type:"application/json;charset=UTF-8", Content-Length:"64"]
             Body = { "title": "Update Title", "description": "Update Description" }
    Session Attrs = {SPRING_SECURITY_CONTEXT=SecurityContextImpl [Authentication=UsernamePasswordAuthenticationToken [Principal=org.springframework.security.core.userdetails.User [Username=test, Password=[PROTECTED], Enabled=true, AccountNonExpired=true, CredentialsNonExpired=true, AccountNonLocked=true, Granted Authorities=[admin]], Credentials=[PROTECTED], Authenticated=true, Details=null, Granted Authorities=[admin]]]}

Handler:
             Type = com.codebydaud.training.lecture_02.book_api.book.BookController
           Method = com.codebydaud.training.lecture_02.book_api.book.BookController#updateBook(Long, Book)

Async:
    Async started = false
     Async result = null

Resolved Exception:
             Type = null

ModelAndView:
        View name = null
             View = null
            Model = null

FlashMap:
       Attributes = null

MockHttpServletResponse:
           Status = 200
    Error message = null
          Headers = [Vary:"Origin", "Access-Control-Request-Method", "Access-Control-Request-Headers", Content-Type:"application/json", X-Content-Type-Options:"nosniff", X-XSS-Protection:"0", Cache-Control:"no-cache, no-store, max-age=0, must-revalidate", Pragma:"no-cache", Expires:"0", X-Frame-Options:"DENY"]
     Content type = application/json
             Body = {"bookId":1,"title":"Update Title","description":"Update Description","author":"Robert Greene","publishedAt":"2000-01-01T12:00:00"}
    Forwarded URL = null
   Redirected URL = null
          Cookies = []
]]></system-out>
  </testcase>
  <testcase name="testUpdateBookByEditorSuccess" classname="com.codebydaud.training.lecture_02.book_api.BookApiTests" time="0.035">
    <system-out><![CDATA[
MockHttpServletRequest:
      HTTP Method = PUT
      Request URI = /api/v1/books/1
       Parameters = {_csrf=[2e535002-25ec-42d0-9855-9ebc97ee6406]}
          Headers = [Content-Type:"application/json;charset=UTF-8", Content-Length:"64"]
             Body = { "title": "Update Title", "description": "Update Description" }
    Session Attrs = {SPRING_SECURITY_CONTEXT=SecurityContextImpl [Authentication=UsernamePasswordAuthenticationToken [Principal=org.springframework.security.core.userdetails.User [Username=test, Password=[PROTECTED], Enabled=true, AccountNonExpired=true, CredentialsNonExpired=true, AccountNonLocked=true, Granted Authorities=[editor]], Credentials=[PROTECTED], Authenticated=true, Details=null, Granted Authorities=[editor]]]}

Handler:
             Type = com.codebydaud.training.lecture_02.book_api.book.BookController
           Method = com.codebydaud.training.lecture_02.book_api.book.BookController#updateBook(Long, Book)

Async:
    Async started = false
     Async result = null

Resolved Exception:
             Type = null

ModelAndView:
        View name = null
             View = null
            Model = null

FlashMap:
       Attributes = null

MockHttpServletResponse:
           Status = 200
    Error message = null
          Headers = [Vary:"Origin", "Access-Control-Request-Method", "Access-Control-Request-Headers", Content-Type:"application/json", X-Content-Type-Options:"nosniff", X-XSS-Protection:"0", Cache-Control:"no-cache, no-store, max-age=0, must-revalidate", Pragma:"no-cache", Expires:"0", X-Frame-Options:"DENY"]
     Content type = application/json
             Body = {"bookId":1,"title":"Update Title","description":"Update Description","author":"Robert Greene","publishedAt":"2000-01-01T12:00:00"}
    Forwarded URL = null
   Redirected URL = null
          Cookies = []
]]></system-out>
  </testcase>
  <testcase name="testGetBookByIdNotFound" classname="com.codebydaud.training.lecture_02.book_api.BookApiTests" time="0.018">
    <system-out><![CDATA[
MockHttpServletRequest:
      HTTP Method = GET
      Request URI = /api/v1/books/3
       Parameters = {}
          Headers = []
             Body = null
    Session Attrs = {}

Handler:
             Type = com.codebydaud.training.lecture_02.book_api.book.BookController
           Method = com.codebydaud.training.lecture_02.book_api.book.BookController#getBookById(Long)

Async:
    Async started = false
     Async result = null

Resolved Exception:
             Type = null

ModelAndView:
        View name = null
             View = null
            Model = null

FlashMap:
       Attributes = null

MockHttpServletResponse:
           Status = 404
    Error message = null
          Headers = []
     Content type = null
             Body = 
    Forwarded URL = null
   Redirected URL = null
          Cookies = []
]]></system-out>
  </testcase>
  <testcase name="testDeleteBookUnAuthorizedAccess" classname="com.codebydaud.training.lecture_02.book_api.BookApiTests" time="0.04">
    <system-out><![CDATA[
MockHttpServletRequest:
      HTTP Method = DELETE
      Request URI = /api/v1/books/1
       Parameters = {_csrf=[632c4771-2982-43df-8905-a2ca5393debc]}
          Headers = []
             Body = null
    Session Attrs = {SPRING_SECURITY_CONTEXT=SecurityContextImpl [Authentication=UsernamePasswordAuthenticationToken [Principal=org.springframework.security.core.userdetails.User [Username=test, Password=[PROTECTED], Enabled=true, AccountNonExpired=true, CredentialsNonExpired=true, AccountNonLocked=true, Granted Authorities=[author]], Credentials=[PROTECTED], Authenticated=true, Details=null, Granted Authorities=[author]]]}

Handler:
             Type = com.codebydaud.training.lecture_02.book_api.book.BookController
           Method = com.codebydaud.training.lecture_02.book_api.book.BookController#deleteBook(Long)

Async:
    Async started = false
     Async result = null

Resolved Exception:
             Type = null

ModelAndView:
        View name = null
             View = null
            Model = null

FlashMap:
       Attributes = null

MockHttpServletResponse:
           Status = 403
    Error message = Forbidden
          Headers = [Vary:"Origin", "Access-Control-Request-Method", "Access-Control-Request-Headers", X-Content-Type-Options:"nosniff", X-XSS-Protection:"0", Cache-Control:"no-cache, no-store, max-age=0, must-revalidate", Pragma:"no-cache", Expires:"0", X-Frame-Options:"DENY"]
     Content type = null
             Body = 
    Forwarded URL = null
   Redirected URL = null
          Cookies = []
]]></system-out>
  </testcase>
  <testcase name="testCreateBookByAdminSuccess" classname="com.codebydaud.training.lecture_02.book_api.BookApiTests" time="0.044">
    <system-out><![CDATA[
MockHttpServletRequest:
      HTTP Method = POST
      Request URI = /api/v1/books
       Parameters = {_csrf=[5d96d1ee-275f-42c9-9d8b-ee72ff48733d]}
          Headers = [Content-Type:"application/json;charset=UTF-8", Content-Length:"63"]
             Body = { "title": "Sample Book", "description": "Sample Description" }
    Session Attrs = {SPRING_SECURITY_CONTEXT=SecurityContextImpl [Authentication=UsernamePasswordAuthenticationToken [Principal=org.springframework.security.core.userdetails.User [Username=test, Password=[PROTECTED], Enabled=true, AccountNonExpired=true, CredentialsNonExpired=true, AccountNonLocked=true, Granted Authorities=[admin]], Credentials=[PROTECTED], Authenticated=true, Details=null, Granted Authorities=[admin]]]}

Handler:
             Type = com.codebydaud.training.lecture_02.book_api.book.BookController
           Method = com.codebydaud.training.lecture_02.book_api.book.BookController#createBook(Book)

Async:
    Async started = false
     Async result = null

Resolved Exception:
             Type = null

ModelAndView:
        View name = null
             View = null
            Model = null

FlashMap:
       Attributes = null

MockHttpServletResponse:
           Status = 201
    Error message = null
          Headers = [Vary:"Origin", "Access-Control-Request-Method", "Access-Control-Request-Headers", Location:"/api/v1/books/1720597611843", Content-Type:"application/json", X-Content-Type-Options:"nosniff", X-XSS-Protection:"0", Cache-Control:"no-cache, no-store, max-age=0, must-revalidate", Pragma:"no-cache", Expires:"0", X-Frame-Options:"DENY"]
     Content type = application/json
             Body = {"bookId":1720597611843,"title":"Sample Book","description":"Sample Description","author":"test","publishedAt":"2024-07-10T12:46:51.8437668"}
    Forwarded URL = null
   Redirected URL = /api/v1/books/1720597611843
          Cookies = []
]]></system-out>
  </testcase>
  <testcase name="testUpdateBookUnAuthorizedAccess" classname="com.codebydaud.training.lecture_02.book_api.BookApiTests" time="0.021">
    <system-out><![CDATA[
MockHttpServletRequest:
      HTTP Method = PUT
      Request URI = /api/v1/books/1
       Parameters = {_csrf=[9867d611-030b-434f-9167-356aaafbe87c]}
          Headers = [Content-Type:"application/json;charset=UTF-8", Content-Length:"64"]
             Body = { "title": "Update Title", "description": "Update Description" }
    Session Attrs = {SPRING_SECURITY_CONTEXT=SecurityContextImpl [Authentication=UsernamePasswordAuthenticationToken [Principal=org.springframework.security.core.userdetails.User [Username=test, Password=[PROTECTED], Enabled=true, AccountNonExpired=true, CredentialsNonExpired=true, AccountNonLocked=true, Granted Authorities=[author]], Credentials=[PROTECTED], Authenticated=true, Details=null, Granted Authorities=[author]]]}

Handler:
             Type = com.codebydaud.training.lecture_02.book_api.book.BookController
           Method = com.codebydaud.training.lecture_02.book_api.book.BookController#updateBook(Long, Book)

Async:
    Async started = false
     Async result = null

Resolved Exception:
             Type = null

ModelAndView:
        View name = null
             View = null
            Model = null

FlashMap:
       Attributes = null

MockHttpServletResponse:
           Status = 403
    Error message = Forbidden
          Headers = [Vary:"Origin", "Access-Control-Request-Method", "Access-Control-Request-Headers", X-Content-Type-Options:"nosniff", X-XSS-Protection:"0", Cache-Control:"no-cache, no-store, max-age=0, must-revalidate", Pragma:"no-cache", Expires:"0", X-Frame-Options:"DENY"]
     Content type = null
             Body = 
    Forwarded URL = null
   Redirected URL = null
          Cookies = []
]]></system-out>
  </testcase>
  <testcase name="testDeleteBookByAdminSuccess" classname="com.codebydaud.training.lecture_02.book_api.BookApiTests" time="0.491">
    <system-out><![CDATA[
MockHttpServletRequest:
      HTTP Method = DELETE
      Request URI = /api/v1/books/1
       Parameters = {_csrf=[c0e48c1f-6773-4610-be4b-41f82ed4618a]}
          Headers = []
             Body = null
    Session Attrs = {SPRING_SECURITY_CONTEXT=SecurityContextImpl [Authentication=UsernamePasswordAuthenticationToken [Principal=org.springframework.security.core.userdetails.User [Username=test, Password=[PROTECTED], Enabled=true, AccountNonExpired=true, CredentialsNonExpired=true, AccountNonLocked=true, Granted Authorities=[admin]], Credentials=[PROTECTED], Authenticated=true, Details=null, Granted Authorities=[admin]]]}

Handler:
             Type = com.codebydaud.training.lecture_02.book_api.book.BookController
           Method = com.codebydaud.training.lecture_02.book_api.book.BookController#deleteBook(Long)

Async:
    Async started = false
     Async result = null

Resolved Exception:
             Type = null

ModelAndView:
        View name = null
             View = null
            Model = null

FlashMap:
       Attributes = null

MockHttpServletResponse:
           Status = 204
    Error message = null
          Headers = [Vary:"Origin", "Access-Control-Request-Method", "Access-Control-Request-Headers", X-Content-Type-Options:"nosniff", X-XSS-Protection:"0", Cache-Control:"no-cache, no-store, max-age=0, must-revalidate", Pragma:"no-cache", Expires:"0", X-Frame-Options:"DENY"]
     Content type = null
             Body = 
    Forwarded URL = null
   Redirected URL = null
          Cookies = []
]]></system-out>
  </testcase>
  <testcase name="testCreateBookByAuthorSuccess" classname="com.codebydaud.training.lecture_02.book_api.BookApiTests" time="0.019">
    <system-out><![CDATA[
MockHttpServletRequest:
      HTTP Method = POST
      Request URI = /api/v1/books
       Parameters = {_csrf=[ee3120b4-5ffe-4b47-b55a-729349bd9661]}
          Headers = [Content-Type:"application/json;charset=UTF-8", Content-Length:"63"]
             Body = { "title": "Sample Book", "description": "Sample Description" }
    Session Attrs = {SPRING_SECURITY_CONTEXT=SecurityContextImpl [Authentication=UsernamePasswordAuthenticationToken [Principal=org.springframework.security.core.userdetails.User [Username=test, Password=[PROTECTED], Enabled=true, AccountNonExpired=true, CredentialsNonExpired=true, AccountNonLocked=true, Granted Authorities=[author]], Credentials=[PROTECTED], Authenticated=true, Details=null, Granted Authorities=[author]]]}

Handler:
             Type = com.codebydaud.training.lecture_02.book_api.book.BookController
           Method = com.codebydaud.training.lecture_02.book_api.book.BookController#createBook(Book)

Async:
    Async started = false
     Async result = null

Resolved Exception:
             Type = null

ModelAndView:
        View name = null
             View = null
            Model = null

FlashMap:
       Attributes = null

MockHttpServletResponse:
           Status = 201
    Error message = null
          Headers = [Vary:"Origin", "Access-Control-Request-Method", "Access-Control-Request-Headers", Location:"/api/v1/books/1720597612394", Content-Type:"application/json", X-Content-Type-Options:"nosniff", X-XSS-Protection:"0", Cache-Control:"no-cache, no-store, max-age=0, must-revalidate", Pragma:"no-cache", Expires:"0", X-Frame-Options:"DENY"]
     Content type = application/json
             Body = {"bookId":1720597612394,"title":"Sample Book","description":"Sample Description","author":"test","publishedAt":"2024-07-10T12:46:52.3944492"}
    Forwarded URL = null
   Redirected URL = /api/v1/books/1720597612394
          Cookies = []
]]></system-out>
  </testcase>
  <testcase name="testDeleteNonExistingBook" classname="com.codebydaud.training.lecture_02.book_api.BookApiTests" time="0.017">
    <system-out><![CDATA[
MockHttpServletRequest:
      HTTP Method = DELETE
      Request URI = /api/v1/books/5
       Parameters = {_csrf=[7182ce41-a1ce-47f1-9f6b-adebf3eaa0e3]}
          Headers = []
             Body = null
    Session Attrs = {SPRING_SECURITY_CONTEXT=SecurityContextImpl [Authentication=UsernamePasswordAuthenticationToken [Principal=org.springframework.security.core.userdetails.User [Username=test, Password=[PROTECTED], Enabled=true, AccountNonExpired=true, CredentialsNonExpired=true, AccountNonLocked=true, Granted Authorities=[admin]], Credentials=[PROTECTED], Authenticated=true, Details=null, Granted Authorities=[admin]]]}

Handler:
             Type = com.codebydaud.training.lecture_02.book_api.book.BookController
           Method = com.codebydaud.training.lecture_02.book_api.book.BookController#deleteBook(Long)

Async:
    Async started = false
     Async result = null

Resolved Exception:
             Type = null

ModelAndView:
        View name = null
             View = null
            Model = null

FlashMap:
       Attributes = null

MockHttpServletResponse:
           Status = 404
    Error message = null
          Headers = [Vary:"Origin", "Access-Control-Request-Method", "Access-Control-Request-Headers", X-Content-Type-Options:"nosniff", X-XSS-Protection:"0", Cache-Control:"no-cache, no-store, max-age=0, must-revalidate", Pragma:"no-cache", Expires:"0", X-Frame-Options:"DENY"]
     Content type = null
             Body = 
    Forwarded URL = null
   Redirected URL = null
          Cookies = []
]]></system-out>
  </testcase>
  <testcase name="testCreateBookUnAuthorizedAccess" classname="com.codebydaud.training.lecture_02.book_api.BookApiTests" time="0.022">
    <system-out><![CDATA[
MockHttpServletRequest:
      HTTP Method = POST
      Request URI = /api/v1/books
       Parameters = {_csrf=[074d63d0-83f9-40c8-a68f-ed4a28de70a1]}
          Headers = [Content-Type:"application/json;charset=UTF-8", Content-Length:"63"]
             Body = { "title": "Sample Book", "description": "Sample Description" }
    Session Attrs = {SPRING_SECURITY_CONTEXT=SecurityContextImpl [Authentication=UsernamePasswordAuthenticationToken [Principal=org.springframework.security.core.userdetails.User [Username=test, Password=[PROTECTED], Enabled=true, AccountNonExpired=true, CredentialsNonExpired=true, AccountNonLocked=true, Granted Authorities=[editor]], Credentials=[PROTECTED], Authenticated=true, Details=null, Granted Authorities=[editor]]]}

Handler:
             Type = com.codebydaud.training.lecture_02.book_api.book.BookController
           Method = com.codebydaud.training.lecture_02.book_api.book.BookController#createBook(Book)

Async:
    Async started = false
     Async result = null

Resolved Exception:
             Type = null

ModelAndView:
        View name = null
             View = null
            Model = null

FlashMap:
       Attributes = null

MockHttpServletResponse:
           Status = 403
    Error message = Forbidden
          Headers = [Vary:"Origin", "Access-Control-Request-Method", "Access-Control-Request-Headers", X-Content-Type-Options:"nosniff", X-XSS-Protection:"0", Cache-Control:"no-cache, no-store, max-age=0, must-revalidate", Pragma:"no-cache", Expires:"0", X-Frame-Options:"DENY"]
     Content type = null
             Body = 
    Forwarded URL = null
   Redirected URL = null
          Cookies = []
]]></system-out>
  </testcase>
  <testcase name="testUpdateNonExistingBook" classname="com.codebydaud.training.lecture_02.book_api.BookApiTests" time="0.018">
    <system-out><![CDATA[
MockHttpServletRequest:
      HTTP Method = PUT
      Request URI = /api/v1/books/5
       Parameters = {_csrf=[dc753bd8-41ef-4e84-8cf4-d49160b137be]}
          Headers = [Content-Type:"application/json;charset=UTF-8", Content-Length:"64"]
             Body = { "title": "Update Title", "description": "Update Description" }
    Session Attrs = {SPRING_SECURITY_CONTEXT=SecurityContextImpl [Authentication=UsernamePasswordAuthenticationToken [Principal=org.springframework.security.core.userdetails.User [Username=test, Password=[PROTECTED], Enabled=true, AccountNonExpired=true, CredentialsNonExpired=true, AccountNonLocked=true, Granted Authorities=[admin]], Credentials=[PROTECTED], Authenticated=true, Details=null, Granted Authorities=[admin]]]}

Handler:
             Type = com.codebydaud.training.lecture_02.book_api.book.BookController
           Method = com.codebydaud.training.lecture_02.book_api.book.BookController#updateBook(Long, Book)

Async:
    Async started = false
     Async result = null

Resolved Exception:
             Type = null

ModelAndView:
        View name = null
             View = null
            Model = null

FlashMap:
       Attributes = null

MockHttpServletResponse:
           Status = 404
    Error message = null
          Headers = [Vary:"Origin", "Access-Control-Request-Method", "Access-Control-Request-Headers", X-Content-Type-Options:"nosniff", X-XSS-Protection:"0", Cache-Control:"no-cache, no-store, max-age=0, must-revalidate", Pragma:"no-cache", Expires:"0", X-Frame-Options:"DENY"]
     Content type = null
             Body = 
    Forwarded URL = null
   Redirected URL = null
          Cookies = []
]]></system-out>
  </testcase>
</testsuite>